<?xml version="1.0" encoding="UTF-8"?>
<!-- Generated by org.testng.reporters.JUnitReportReporter -->
<testsuite ignored="0" hostname="LAPTOP-GNS6C4SH" failures="0" tests="1" name="com.testng.Testng_Runner" time="1.110" errors="0" timestamp="06 Jun 2022 04:47:11 GMT" skipped="0">
  <testcase classname="com.testng.Testng_Runner" name="browser" time="1.110"/>
</testsuite> <!-- com.testng.Testng_Runner -->
